<?xml version="1.0" encoding="UTF-8"?>
<!-- Generated by org.testng.reporters.JUnitReportReporter -->
<testsuite hostname="Admin-PC" failures="0" tests="1" name="com.inetBanking.testCase.TC_AddCustomerTest_003" time="29.088" errors="0" timestamp="2021-07-13T11:36:41 IST" skipped="0">
  <testcase classname="com.inetBanking.testCase.TC_AddCustomerTest_003" name="addNewCustomer" time="29.088"/>
  <system-out/>
</testsuite> <!-- com.inetBanking.testCase.TC_AddCustomerTest_003 -->
